INF [THREAD:main] com.flatiron.spring.FlatironSpring.FlatironSpringApplication 
 		 Starting FlatironSpringApplication using Java 18.0.1.1 on Sabrinas-Air.fios-router.home with PID 58584 (/Users/sabrinachowdhury/Downloads/FlatironSpring/target/classes started by sabrinachowdhury in /Users/sabrinachowdhury/Downloads/FlatironSpring) 
INF [THREAD:main] com.flatiron.spring.FlatironSpring.FlatironSpringApplication 
 		 Starting FlatironSpringApplication using Java 18.0.1.1 on Sabrinas-Air.fios-router.home with PID 58584 (/Users/sabrinachowdhury/Downloads/FlatironSpring/target/classes started by sabrinachowdhury in /Users/sabrinachowdhury/Downloads/FlatironSpring) 
DEB [THREAD:main] com.flatiron.spring.FlatironSpring.FlatironSpringApplication 
 		 Running with Spring Boot v2.7.2, Spring v5.3.22 
DEB [THREAD:main] com.flatiron.spring.FlatironSpring.FlatironSpringApplication 
 		 Running with Spring Boot v2.7.2, Spring v5.3.22 
INF [THREAD:main] com.flatiron.spring.FlatironSpring.FlatironSpringApplication 
 		 No active profile set, falling back to 1 default profile: "default" 
INF [THREAD:main] com.flatiron.spring.FlatironSpring.FlatironSpringApplication 
 		 No active profile set, falling back to 1 default profile: "default" 
INF [THREAD:main] org.springframework.boot.web.embedded.tomcat.TomcatWebServer 
 		 Tomcat initialized with port(s): 8080 (http) 
INF [THREAD:main] org.apache.catalina.core.StandardService 
 		 Starting service [Tomcat] 
INF [THREAD:main] org.apache.catalina.core.StandardEngine 
 		 Starting Servlet engine: [Apache Tomcat/9.0.65] 
INF [THREAD:main] org.apache.catalina.core.ContainerBase.[Tomcat].[localhost].[/] 
 		 Initializing Spring embedded WebApplicationContext 
INF [THREAD:main] org.springframework.boot.web.servlet.context.ServletWebServerApplicationContext 
 		 Root WebApplicationContext: initialization completed in 4470 ms 
INF [THREAD:main] org.springframework.security.web.DefaultSecurityFilterChain 
 		 Will secure any request with [org.springframework.security.web.session.DisableEncodeUrlFilter@3b705be7, org.springframework.security.web.context.request.async.WebAsyncManagerIntegrationFilter@3a790e40, org.springframework.security.web.context.SecurityContextPersistenceFilter@370c1968, org.springframework.security.web.header.HeaderWriterFilter@dd71b20, org.springframework.security.web.csrf.CsrfFilter@4fe64d23, org.springframework.security.web.authentication.logout.LogoutFilter@3c79088e, org.springframework.security.oauth2.client.web.OAuth2AuthorizationRequestRedirectFilter@70d63e05, org.springframework.security.oauth2.client.web.OAuth2LoginAuthenticationFilter@e11ecfa, org.springframework.security.web.authentication.ui.DefaultLoginPageGeneratingFilter@34aeacd1, org.springframework.security.web.authentication.ui.DefaultLogoutPageGeneratingFilter@43acd79e, org.springframework.security.web.savedrequest.RequestCacheAwareFilter@3206174f, org.springframework.security.web.servletapi.SecurityContextHolderAwareRequestFilter@795f5d51, org.springframework.security.web.authentication.AnonymousAuthenticationFilter@1e1b061, org.springframework.security.web.session.SessionManagementFilter@7b6c6e70, org.springframework.security.web.access.ExceptionTranslationFilter@6f9c5048, org.springframework.security.web.access.intercept.FilterSecurityInterceptor@2121d1f9] 
INF [THREAD:main] org.springframework.boot.autoconfigure.web.servlet.WelcomePageHandlerMapping 
 		 Adding welcome page: class path resource [static/index.html] 
INF [THREAD:main] org.springframework.boot.web.embedded.tomcat.TomcatWebServer 
 		 Tomcat started on port(s): 8080 (http) with context path '' 
INF [THREAD:main] com.flatiron.spring.FlatironSpring.FlatironSpringApplication 
 		 Started FlatironSpringApplication in 14.445 seconds (JVM running for 17.113) 
INF [THREAD:main] com.flatiron.spring.FlatironSpring.FlatironSpringApplication 
 		 Started FlatironSpringApplication in 14.445 seconds (JVM running for 17.113) 
